<?xml version="1.0" encoding="UTF-8"?>
<!-- Generated by org.testng.reporters.JUnitReportReporter -->
<testsuite hostname="LAPTOP-ME2H4GC5" failures="0" tests="5" name="cucumberOptions.TestNGRunner" time="115.734" errors="0" timestamp="2022-06-24T12:17:45 IST" skipped="0">
  <testcase classname="cucumberOptions.TestNGRunner" name="runScenario" time="27.963"/>
  <system-out/>
  <testcase classname="cucumberOptions.TestNGRunner" name="runScenario" time="22.639"/>
  <system-out/>
  <testcase classname="cucumberOptions.TestNGRunner" name="runScenario" time="23.398"/>
  <system-out/>
  <testcase classname="cucumberOptions.TestNGRunner" name="runScenario" time="21.597"/>
  <system-out/>
  <testcase classname="cucumberOptions.TestNGRunner" name="runScenario" time="20.137"/>
  <system-out/>
</testsuite> <!-- cucumberOptions.TestNGRunner -->
